{"meta": {"format": 2, "version": "7.4.2", "timestamp": "2024-05-14T07:18:10.051875", "branch_coverage": false, "show_contexts": false}, "files": {"src/__init__.py": {"executed_lines": [0], "summary": {"covered_lines": 0, "num_statements": 0, "percent_covered": 100.0, "percent_covered_display": "100", "missing_lines": 0, "excluded_lines": 0}, "missing_lines": [], "excluded_lines": []}, "src/myparser/__init__.py": {"executed_lines": [0], "summary": {"covered_lines": 0, "num_statements": 0, "percent_covered": 100.0, "percent_covered_display": "100", "missing_lines": 0, "excluded_lines": 0}, "missing_lines": [], "excluded_lines": []}, "src/myparser/hierarchy/__init__.py": {"executed_lines": [0], "summary": {"covered_lines": 0, "num_statements": 0, "percent_covered": 100.0, "percent_covered_display": "100", "missing_lines": 0, "excluded_lines": 0}, "missing_lines": [], "excluded_lines": []}, "src/myparser/hierarchy/graph.py": {"executed_lines": [1, 2, 4, 6, 7, 8, 9, 11, 12, 14, 15, 16, 17, 19, 20, 23, 34, 35, 36, 37, 38, 39, 40, 41, 43, 44, 46, 47, 48, 49, 50, 52, 53, 54, 55, 56, 57, 59, 60, 61, 62, 64, 65, 66, 67, 68, 69, 73, 78, 79, 82, 87, 89, 90, 92, 95, 98, 101, 103, 104, 106, 107, 108, 110, 113, 116, 119, 121, 122, 124, 125, 126, 129, 130, 131, 133, 134, 135, 137, 138, 139, 140, 141, 142, 143, 144, 145, 147], "summary": {"covered_lines": 88, "num_statements": 92, "percent_covered": 95.65217391304348, "percent_covered_display": "96", "missing_lines": 4, "excluded_lines": 0}, "missing_lines": [74, 75, 83, 84], "excluded_lines": []}, "src/myparser/hierarchy/tree.py": {"executed_lines": [1, 3, 5, 6, 7, 8, 9, 10, 11, 12, 13, 14, 16, 17, 18, 19, 20, 21, 22, 23, 24, 25, 26, 27, 28, 30, 31, 32, 33, 34, 35, 36, 38, 39, 40, 41, 42, 43, 44, 45, 48, 49, 50, 51, 52, 53, 54, 56, 57, 58, 60, 63, 67, 68, 71, 75, 77, 78, 81, 83, 85, 86, 87, 88, 90, 91, 92, 93, 101], "summary": {"covered_lines": 69, "num_statements": 78, "percent_covered": 88.46153846153847, "percent_covered_display": "88", "missing_lines": 9, "excluded_lines": 0}, "missing_lines": [64, 65, 72, 73, 94, 95, 98, 99, 100], "excluded_lines": []}, "src/myparser/info.py": {"executed_lines": [1, 2, 3, 4, 5, 6, 7, 8, 9, 10, 11, 12, 13, 14, 15, 16, 17, 18, 19, 20, 21, 22, 23, 24, 29, 30, 32, 33, 35, 36, 37, 39, 41, 42, 45], "summary": {"covered_lines": 35, "num_statements": 35, "percent_covered": 100.0, "percent_covered_display": "100", "missing_lines": 0, "excluded_lines": 0}, "missing_lines": [], "excluded_lines": []}, "src/myparser/model/spreadsheets.py": {"executed_lines": [2, 3, 4, 6, 8, 9, 10, 11, 12, 13, 14, 15, 16, 17, 18, 19, 22, 23, 25, 26, 27, 28, 30, 31, 32, 33, 35, 36, 37, 38, 40, 41, 42, 43, 44, 46, 47, 48, 49, 50], "summary": {"covered_lines": 40, "num_statements": 40, "percent_covered": 100.0, "percent_covered_display": "100", "missing_lines": 0, "excluded_lines": 0}, "missing_lines": [], "excluded_lines": []}, "src/myparser/sp_description.py": {"executed_lines": [1, 3, 4, 5, 6, 8, 10, 11, 12, 13, 14, 15, 16, 18, 19, 20, 22, 23, 24, 26, 27, 28, 29, 33, 34, 36, 37, 38, 40, 41, 45, 46, 47, 49, 50, 51, 52, 54, 55, 59, 61, 62, 63, 65, 66, 69, 74, 75, 77, 78, 80, 81, 82, 83, 85, 89, 91, 92, 93, 95, 96, 97, 99, 103, 106, 107, 110, 113, 115, 116, 118, 119, 123, 125, 126, 127, 130, 134, 135, 136, 137, 138, 139, 140, 141, 142, 147, 149, 150, 151, 153, 154, 155, 158, 159, 162, 163, 164, 167, 172, 174, 175, 176, 178, 182, 183, 185, 186, 187, 188, 192, 194, 216, 217, 219, 221, 222, 223, 226, 227, 229, 231, 233, 234, 237, 240, 242, 243, 244, 246, 248, 249, 252, 253, 256, 259, 260, 261, 266], "summary": {"covered_lines": 139, "num_statements": 185, "percent_covered": 75.13513513513513, "percent_covered_display": "75", "missing_lines": 46, "excluded_lines": 0}, "missing_lines": [30, 31, 42, 43, 56, 57, 70, 71, 86, 87, 100, 101, 120, 121, 131, 132, 143, 144, 145, 165, 169, 170, 179, 180, 189, 190, 195, 197, 198, 200, 201, 202, 204, 205, 207, 208, 210, 211, 214, 224, 238, 241, 247, 257, 263, 264], "excluded_lines": []}, "src/myparser/sp_scenario.py": {"executed_lines": [1, 3, 5, 6, 7, 9, 10, 11, 14, 16, 17, 18, 23, 25, 26, 27, 29, 30, 31, 34, 35, 37, 38, 43], "summary": {"covered_lines": 24, "num_statements": 30, "percent_covered": 80.0, "percent_covered_display": "80", "missing_lines": 6, "excluded_lines": 0}, "missing_lines": [12, 20, 21, 32, 40, 41], "excluded_lines": []}, "src/myparser/sp_temporal_reference.py": {"executed_lines": [1, 3, 5, 6, 7, 9, 10, 11, 14, 16, 17, 18, 23, 25, 26, 27, 29, 30, 31, 34, 35, 37, 38, 43], "summary": {"covered_lines": 24, "num_statements": 30, "percent_covered": 80.0, "percent_covered_display": "80", "missing_lines": 6, "excluded_lines": 0}, "missing_lines": [12, 20, 21, 32, 40, 41], "excluded_lines": []}, "src/myparser/sp_values.py": {"executed_lines": [1, 3, 5, 6, 8, 9, 11, 12, 13, 14, 15, 16, 18, 19, 22, 24, 26, 27, 29, 30, 32, 33, 34, 36, 37, 40, 43, 45, 46, 47, 48, 50, 51, 52, 53, 55, 57, 58, 60, 61, 64, 65, 66, 68, 69, 70, 71, 72, 74, 78, 80, 82, 83, 86, 88, 89, 90, 92, 100, 102, 103, 104, 105, 106, 107, 110, 111, 113, 115, 118, 119, 120, 122, 123, 125, 129, 133, 134, 136, 138, 141, 142, 143, 146, 147, 149, 150, 151, 152, 154, 155, 156, 157, 158, 159, 161, 162, 163, 164, 167, 169, 170, 171, 174, 176, 177, 178, 179, 182], "summary": {"covered_lines": 109, "num_statements": 124, "percent_covered": 87.90322580645162, "percent_covered_display": "88", "missing_lines": 15, "excluded_lines": 0}, "missing_lines": [35, 75, 76, 94, 95, 96, 97, 112, 114, 116, 124, 126, 130, 180, 181], "excluded_lines": []}, "src/myparser/spellchecker.py": {"executed_lines": [1, 2, 3, 4, 6, 10, 11, 12, 13, 14, 16, 17, 18, 19, 20, 21, 23, 25, 26, 27, 28, 30, 31, 32, 34, 35, 36, 38, 40, 41, 42, 43, 44, 46, 47, 48, 49, 50, 52, 53, 54, 56, 57, 58, 60, 63, 64, 66, 67, 68, 72, 74, 75, 79], "summary": {"covered_lines": 54, "num_statements": 59, "percent_covered": 91.52542372881356, "percent_covered_display": "92", "missing_lines": 5, "excluded_lines": 0}, "missing_lines": [7, 8, 69, 76, 77], "excluded_lines": []}, "src/myparser/structures_files.py": {"executed_lines": [1, 3, 4, 6, 8, 9, 10, 11, 13, 16, 17, 18, 20, 22, 23, 24, 25, 27, 28, 30, 31, 33, 35, 36, 37, 38, 41, 42, 43, 44, 46, 47, 52, 53, 54, 55, 56, 58, 60, 61, 64, 65, 66, 67, 70, 71, 72, 74, 78, 79, 81, 82, 83, 84, 86, 87, 91, 93, 94, 95, 98, 99, 100, 101, 104, 105, 106, 108, 109, 110, 113, 115, 116, 117, 118, 123], "summary": {"covered_lines": 76, "num_statements": 82, "percent_covered": 92.6829268292683, "percent_covered_display": "93", "missing_lines": 6, "excluded_lines": 0}, "missing_lines": [49, 88, 89, 111, 120, 121], "excluded_lines": []}, "src/myparser/text_processor.py": {"executed_lines": [1, 3, 5, 8, 11, 12, 14, 15, 17, 20, 21, 24, 25, 27, 28, 29, 31, 33, 34, 35, 36, 38, 41], "summary": {"covered_lines": 23, "num_statements": 23, "percent_covered": 100.0, "percent_covered_display": "100", "missing_lines": 0, "excluded_lines": 0}, "missing_lines": [], "excluded_lines": []}, "src/util/__init__.py": {"executed_lines": [0], "summary": {"covered_lines": 0, "num_statements": 0, "percent_covered": 100.0, "percent_covered_display": "100", "missing_lines": 0, "excluded_lines": 0}, "missing_lines": [], "excluded_lines": []}, "src/util/report_generator.py": {"executed_lines": [1, 2, 3, 4, 6, 7, 8, 9, 10, 11, 12, 14, 16, 18, 19, 21, 88, 89, 92, 93, 94, 95, 96, 98, 99, 101, 107, 113, 123, 124, 125, 126, 128, 129, 135, 136, 137, 139, 140, 142, 144, 146, 147, 148], "summary": {"covered_lines": 44, "num_statements": 47, "percent_covered": 93.61702127659575, "percent_covered_display": "94", "missing_lines": 3, "excluded_lines": 0}, "missing_lines": [131, 132, 133], "excluded_lines": []}, "src/util/utilities.py": {"executed_lines": [1, 2, 3, 5, 8, 11, 12, 14, 18, 19, 20, 21, 23, 24, 25, 26, 28, 29, 33, 34, 35, 36, 38, 39, 40, 41, 42, 44, 45, 46, 48, 50, 51, 52, 54, 56, 57, 58, 59, 60, 61, 63, 64, 65, 68, 69, 72, 73, 75, 77, 78, 80, 81, 82, 84, 85, 87, 88, 89, 90, 92, 93, 95, 98, 99, 101, 103, 104, 105, 106, 108, 109, 110, 113, 114, 115, 118, 120, 121, 122, 126, 127, 128, 133, 134, 136, 138, 140, 141, 144, 145, 148, 149, 152, 153, 154, 156, 157, 158, 159, 160, 162, 164, 165, 167, 168, 169, 170, 172, 175, 176, 177, 178, 180, 182, 183, 184, 186, 189, 190, 192, 194, 195, 196, 197, 200, 201, 202, 203, 205, 206, 207, 212], "summary": {"covered_lines": 133, "num_statements": 146, "percent_covered": 91.0958904109589, "percent_covered_display": "91", "missing_lines": 13, "excluded_lines": 0}, "missing_lines": [15, 16, 49, 66, 123, 124, 125, 129, 130, 131, 181, 209, 210], "excluded_lines": []}}, "totals": {"covered_lines": 858, "num_statements": 971, "percent_covered": 88.36251287332647, "percent_covered_display": "88", "missing_lines": 113, "excluded_lines": 0}}