{"meta": {"format": 2, "version": "7.4.2", "timestamp": "2024-04-26T13:37:49.640163", "branch_coverage": false, "show_contexts": false}, "files": {"src/__init__.py": {"executed_lines": [0], "summary": {"covered_lines": 0, "num_statements": 0, "percent_covered": 100.0, "percent_covered_display": "100", "missing_lines": 0, "excluded_lines": 0}, "missing_lines": [], "excluded_lines": []}, "src/myparser/__init__.py": {"executed_lines": [0], "summary": {"covered_lines": 0, "num_statements": 0, "percent_covered": 100.0, "percent_covered_display": "100", "missing_lines": 0, "excluded_lines": 0}, "missing_lines": [], "excluded_lines": []}, "src/myparser/hierarchy/__init__.py": {"executed_lines": [0], "summary": {"covered_lines": 0, "num_statements": 0, "percent_covered": 100.0, "percent_covered_display": "100", "missing_lines": 0, "excluded_lines": 0}, "missing_lines": [], "excluded_lines": []}, "src/myparser/hierarchy/graph.py": {"executed_lines": [1, 2, 3, 5, 6, 7, 8, 10, 11, 13, 14, 15, 16, 18, 19, 22, 33, 34, 35, 36, 37, 38, 39, 40, 42, 43, 45, 46, 47, 48, 49, 51, 52, 53, 54, 55, 56, 58, 59, 60, 61, 63, 64, 65, 66, 67, 68, 72, 77, 78, 81, 86, 88, 89, 91, 94, 97, 100, 102, 103, 105, 106, 107, 109, 112, 115, 118, 120, 121, 123, 124, 125, 128, 129, 130, 132, 133, 134, 136, 137, 138, 139, 140, 141, 142, 143, 144, 146], "summary": {"covered_lines": 88, "num_statements": 92, "percent_covered": 95.65217391304348, "percent_covered_display": "96", "missing_lines": 4, "excluded_lines": 0}, "missing_lines": [73, 74, 82, 83], "excluded_lines": []}, "src/myparser/hierarchy/tree.py": {"executed_lines": [1, 2, 4, 5, 6, 7, 8, 9, 10, 11, 12, 13, 15, 16, 17, 18, 19, 20, 21, 22, 23, 24, 25, 26, 27, 29, 30, 31, 32, 33, 34, 35, 37, 38, 39, 40, 41, 42, 43, 44, 47, 48, 49, 50, 51, 52, 53, 55, 56, 57, 59, 62, 66, 67, 70, 74, 76, 77, 80, 82, 84, 85, 86, 87, 89, 90, 91, 92, 100], "summary": {"covered_lines": 69, "num_statements": 78, "percent_covered": 88.46153846153847, "percent_covered_display": "88", "missing_lines": 9, "excluded_lines": 0}, "missing_lines": [63, 64, 71, 72, 93, 94, 97, 98, 99], "excluded_lines": []}, "src/myparser/info.py": {"executed_lines": [1, 2, 3, 4, 5, 6, 7, 8, 9, 10, 11, 12, 13, 14, 15, 16, 17, 18, 19, 20, 21, 22, 23], "summary": {"covered_lines": 23, "num_statements": 23, "percent_covered": 100.0, "percent_covered_display": "100", "missing_lines": 0, "excluded_lines": 0}, "missing_lines": [], "excluded_lines": []}, "src/myparser/sp_description.py": {"executed_lines": [1, 3, 4, 5, 6, 7, 9, 10, 11, 12, 13, 14, 15, 17, 18, 19, 21, 22, 23, 25, 26, 27, 28, 32, 33, 35, 36, 37, 39, 40, 44, 45, 46, 48, 49, 50, 51, 53, 54, 58, 60, 61, 62, 64, 65, 68, 73, 74, 76, 77, 79, 80, 81, 82, 84, 88, 90, 91, 92, 94, 95, 96, 98, 102, 105, 106, 109, 112, 114, 115, 117, 118, 122, 124, 125, 126, 129, 133, 134, 135, 136, 137, 138, 139, 140, 145, 147, 148, 149, 151, 152, 153, 156, 157, 160, 161, 162, 165, 170, 172, 173, 174, 176, 180, 181, 183, 184, 185, 186, 190, 192, 214, 215, 217, 219, 220, 221, 224, 225, 227, 229, 231, 232, 235, 238, 240, 241, 243, 245, 246, 249, 250, 253, 256, 257, 258, 263], "summary": {"covered_lines": 137, "num_statements": 183, "percent_covered": 74.86338797814207, "percent_covered_display": "75", "missing_lines": 46, "excluded_lines": 0}, "missing_lines": [29, 30, 41, 42, 55, 56, 69, 70, 85, 86, 99, 100, 119, 120, 130, 131, 141, 142, 143, 163, 167, 168, 177, 178, 187, 188, 193, 195, 196, 198, 199, 200, 202, 203, 205, 206, 208, 209, 212, 222, 236, 239, 244, 254, 260, 261], "excluded_lines": []}, "src/myparser/sp_scenario.py": {"executed_lines": [1, 2, 4, 5, 6, 8, 9, 10, 13, 15, 16, 17, 22, 24, 25, 26, 28, 29, 30, 33, 34, 36, 37, 42], "summary": {"covered_lines": 24, "num_statements": 30, "percent_covered": 80.0, "percent_covered_display": "80", "missing_lines": 6, "excluded_lines": 0}, "missing_lines": [11, 19, 20, 31, 39, 40], "excluded_lines": []}, "src/myparser/sp_temporal_reference.py": {"executed_lines": [1, 2, 4, 5, 6, 8, 9, 10, 13, 15, 16, 17, 22, 24, 25, 26, 28, 29, 30, 33, 34, 36, 37, 42], "summary": {"covered_lines": 24, "num_statements": 30, "percent_covered": 80.0, "percent_covered_display": "80", "missing_lines": 6, "excluded_lines": 0}, "missing_lines": [11, 19, 20, 31, 39, 40], "excluded_lines": []}, "src/myparser/sp_values.py": {"executed_lines": [1, 2, 4, 5, 7, 8, 10, 11, 12, 13, 14, 15, 17, 18, 21, 23, 25, 26, 28, 29, 31, 32, 33, 35, 36, 39, 42, 44, 45, 46, 47, 49, 50, 51, 52, 54, 56, 57, 59, 60, 63, 64, 65, 67, 68, 69, 70, 71, 73, 77, 79, 81, 82, 85, 87, 88, 89, 91, 99, 101, 102, 103, 104, 105, 106, 109, 110, 112, 114, 117, 118, 119, 121, 122, 124, 128, 132, 133, 135, 137, 140, 141, 142, 145, 146, 148, 149, 150, 151, 153, 154, 155, 156, 157, 158, 160, 161, 162, 163, 166, 168, 169, 170, 173, 175, 176, 177, 178, 181], "summary": {"covered_lines": 109, "num_statements": 124, "percent_covered": 87.90322580645162, "percent_covered_display": "88", "missing_lines": 15, "excluded_lines": 0}, "missing_lines": [34, 74, 75, 93, 94, 95, 96, 111, 113, 115, 123, 125, 129, 179, 180], "excluded_lines": []}, "src/myparser/spellchecker.py": {"executed_lines": [1, 2, 3, 4, 6, 10, 11, 12, 13, 14, 16, 17, 18, 19, 20, 21, 23, 25, 26, 27, 28, 30, 31, 32, 34, 35, 36, 38, 40, 41, 42, 43, 44, 46, 47, 48, 49, 50, 52, 53, 54, 56, 57, 58, 60, 63, 64, 66, 67, 68, 72, 74, 75, 79], "summary": {"covered_lines": 54, "num_statements": 59, "percent_covered": 91.52542372881356, "percent_covered_display": "92", "missing_lines": 5, "excluded_lines": 0}, "missing_lines": [7, 8, 69, 76, 77], "excluded_lines": []}, "src/myparser/structures_files.py": {"executed_lines": [1, 2, 4, 5, 8, 10, 12, 13, 14, 15, 16, 17, 18, 19, 20, 21, 22, 23, 26, 27, 29, 30, 31, 32, 34, 35, 36, 37, 39, 40, 41, 42, 44, 45, 46, 47, 48, 50, 51, 52, 53, 54, 58, 69, 80, 81, 82, 83, 85, 86, 87, 89, 90, 92, 94, 95, 96, 97, 100, 101, 103, 106, 108, 110, 111, 113, 115, 117, 118, 121, 122, 123, 124, 127, 128, 129, 131, 135, 136, 138, 139, 140, 141, 143, 144, 148, 150, 151, 152, 155, 156, 157, 158, 161, 162, 163, 165, 166, 167, 170, 172, 173, 174, 175, 180], "summary": {"covered_lines": 105, "num_statements": 111, "percent_covered": 94.5945945945946, "percent_covered_display": "95", "missing_lines": 6, "excluded_lines": 0}, "missing_lines": [102, 145, 146, 168, 177, 178], "excluded_lines": []}, "src/myparser/text_processor.py": {"executed_lines": [1, 3, 5, 8, 11, 12, 14, 15, 17, 20, 21, 24, 25, 27, 28, 29, 31, 33, 34, 35, 36, 38, 41], "summary": {"covered_lines": 23, "num_statements": 23, "percent_covered": 100.0, "percent_covered_display": "100", "missing_lines": 0, "excluded_lines": 0}, "missing_lines": [], "excluded_lines": []}, "src/util/__init__.py": {"executed_lines": [0], "summary": {"covered_lines": 0, "num_statements": 0, "percent_covered": 100.0, "percent_covered_display": "100", "missing_lines": 0, "excluded_lines": 0}, "missing_lines": [], "excluded_lines": []}, "src/util/utilities.py": {"executed_lines": [1, 2, 3, 5, 6, 7, 8, 10, 11, 12, 13, 15, 16, 20, 21, 22, 23, 25, 26, 27, 28, 29, 31, 32, 33, 35, 37, 38, 39, 41, 43, 44, 45, 46, 47, 48, 50, 51, 52, 55, 56, 59, 60, 62, 64, 65, 67, 68, 69, 71, 72, 74, 75, 76, 77, 79, 80, 82, 85, 86, 88, 90, 91, 92, 93, 95, 97, 98, 100, 102, 104, 106, 108, 109, 111, 113, 114, 117, 118, 121, 122, 125, 126, 127, 129, 131, 132, 135, 138, 139, 140, 141, 142, 145, 146, 148, 150, 151, 152, 153, 156, 157, 158, 159, 161, 162, 163, 168], "summary": {"covered_lines": 108, "num_statements": 112, "percent_covered": 96.42857142857143, "percent_covered_display": "96", "missing_lines": 4, "excluded_lines": 0}, "missing_lines": [36, 53, 165, 166], "excluded_lines": []}}, "totals": {"covered_lines": 764, "num_statements": 865, "percent_covered": 88.32369942196532, "percent_covered_display": "88", "missing_lines": 101, "excluded_lines": 0}}