{"meta": {"format": 2, "version": "7.4.2", "timestamp": "2024-04-26T16:10:52.149363", "branch_coverage": false, "show_contexts": false}, "files": {"src/__init__.py": {"executed_lines": [1], "summary": {"covered_lines": 0, "num_statements": 0, "percent_covered": 100.0, "percent_covered_display": "100", "missing_lines": 0, "excluded_lines": 0}, "missing_lines": [], "excluded_lines": []}, "src/myparser/__init__.py": {"executed_lines": [1], "summary": {"covered_lines": 0, "num_statements": 0, "percent_covered": 100.0, "percent_covered_display": "100", "missing_lines": 0, "excluded_lines": 0}, "missing_lines": [], "excluded_lines": []}, "src/myparser/hierarchy/__init__.py": {"executed_lines": [1], "summary": {"covered_lines": 0, "num_statements": 0, "percent_covered": 100.0, "percent_covered_display": "100", "missing_lines": 0, "excluded_lines": 0}, "missing_lines": [], "excluded_lines": []}, "src/myparser/hierarchy/graph.py": {"executed_lines": [1, 2], "summary": {"covered_lines": 2, "num_statements": 92, "percent_covered": 2.1739130434782608, "percent_covered_display": "2", "missing_lines": 90, "excluded_lines": 0}, "missing_lines": [4, 6, 7, 8, 9, 11, 12, 14, 15, 16, 17, 19, 20, 23, 34, 35, 36, 37, 38, 39, 40, 41, 43, 44, 46, 47, 48, 49, 50, 52, 53, 54, 55, 56, 57, 59, 60, 61, 62, 64, 65, 66, 67, 68, 69, 73, 74, 75, 78, 79, 82, 83, 84, 87, 89, 90, 92, 95, 98, 101, 103, 104, 106, 107, 108, 110, 113, 116, 119, 121, 122, 124, 125, 126, 129, 130, 131, 133, 134, 135, 137, 138, 139, 140, 141, 142, 143, 144, 145, 147], "excluded_lines": []}, "src/myparser/hierarchy/tree.py": {"executed_lines": [1], "summary": {"covered_lines": 1, "num_statements": 78, "percent_covered": 1.2820512820512822, "percent_covered_display": "1", "missing_lines": 77, "excluded_lines": 0}, "missing_lines": [3, 5, 6, 7, 8, 9, 10, 11, 12, 13, 14, 16, 17, 18, 19, 20, 21, 22, 23, 24, 25, 26, 27, 28, 30, 31, 32, 33, 34, 35, 36, 38, 39, 40, 41, 42, 43, 44, 45, 48, 49, 50, 51, 52, 53, 54, 56, 57, 58, 60, 63, 64, 65, 67, 68, 71, 72, 73, 75, 77, 78, 81, 83, 85, 86, 87, 88, 90, 91, 92, 93, 94, 95, 98, 99, 100, 101], "excluded_lines": []}, "src/myparser/info.py": {"executed_lines": [1, 2, 3, 4, 5, 6, 7, 8, 9, 10, 11], "summary": {"covered_lines": 11, "num_statements": 23, "percent_covered": 47.82608695652174, "percent_covered_display": "48", "missing_lines": 12, "excluded_lines": 0}, "missing_lines": [12, 13, 14, 15, 16, 17, 18, 19, 20, 21, 22, 23], "excluded_lines": []}, "src/myparser/sp_description.py": {"executed_lines": [1, 3, 4, 5], "summary": {"covered_lines": 4, "num_statements": 183, "percent_covered": 2.185792349726776, "percent_covered_display": "2", "missing_lines": 179, "excluded_lines": 0}, "missing_lines": [6, 8, 10, 11, 12, 13, 14, 15, 16, 18, 19, 20, 22, 23, 24, 26, 27, 28, 29, 30, 31, 33, 34, 36, 37, 38, 40, 41, 42, 43, 45, 46, 47, 49, 50, 51, 52, 54, 55, 56, 57, 59, 61, 62, 63, 65, 66, 69, 70, 71, 74, 75, 77, 78, 80, 81, 82, 83, 85, 86, 87, 89, 91, 92, 93, 95, 96, 97, 99, 100, 101, 103, 106, 107, 110, 113, 115, 116, 118, 119, 120, 121, 123, 125, 126, 127, 130, 131, 132, 134, 135, 136, 137, 138, 139, 140, 141, 142, 143, 144, 146, 148, 149, 150, 152, 153, 154, 157, 158, 161, 162, 163, 164, 166, 168, 169, 171, 173, 174, 175, 177, 178, 179, 181, 182, 184, 185, 186, 187, 188, 189, 191, 193, 194, 196, 197, 199, 200, 201, 203, 204, 206, 207, 209, 210, 213, 215, 216, 218, 220, 221, 222, 223, 225, 226, 228, 230, 232, 233, 236, 237, 239, 240, 241, 242, 244, 245, 246, 247, 250, 251, 254, 255, 257, 258, 259, 261, 262, 264], "excluded_lines": []}, "src/myparser/sp_scenario.py": {"executed_lines": [1], "summary": {"covered_lines": 1, "num_statements": 30, "percent_covered": 3.3333333333333335, "percent_covered_display": "3", "missing_lines": 29, "excluded_lines": 0}, "missing_lines": [3, 5, 6, 7, 9, 10, 11, 12, 14, 16, 17, 18, 20, 21, 23, 25, 26, 27, 29, 30, 31, 32, 34, 35, 37, 38, 40, 41, 43], "excluded_lines": []}, "src/myparser/sp_temporal_reference.py": {"executed_lines": [1], "summary": {"covered_lines": 1, "num_statements": 30, "percent_covered": 3.3333333333333335, "percent_covered_display": "3", "missing_lines": 29, "excluded_lines": 0}, "missing_lines": [3, 5, 6, 7, 9, 10, 11, 12, 14, 16, 17, 18, 20, 21, 23, 25, 26, 27, 29, 30, 31, 32, 34, 35, 37, 38, 40, 41, 43], "excluded_lines": []}, "src/myparser/sp_values.py": {"executed_lines": [1], "summary": {"covered_lines": 1, "num_statements": 124, "percent_covered": 0.8064516129032258, "percent_covered_display": "1", "missing_lines": 123, "excluded_lines": 0}, "missing_lines": [3, 5, 6, 8, 9, 11, 12, 13, 14, 15, 16, 18, 19, 22, 24, 26, 27, 29, 30, 32, 33, 34, 35, 36, 37, 40, 43, 45, 46, 47, 48, 50, 51, 52, 53, 55, 57, 58, 60, 61, 64, 65, 66, 68, 69, 70, 71, 72, 74, 75, 76, 78, 80, 82, 83, 86, 88, 89, 90, 92, 94, 95, 96, 97, 100, 102, 103, 104, 105, 106, 107, 110, 111, 112, 113, 114, 115, 116, 118, 119, 120, 122, 123, 124, 125, 126, 129, 130, 133, 134, 136, 138, 141, 142, 143, 146, 147, 149, 150, 151, 152, 154, 155, 156, 157, 158, 159, 161, 162, 163, 164, 167, 169, 170, 171, 174, 176, 177, 178, 179, 180, 181, 182], "excluded_lines": []}, "src/myparser/spellchecker.py": {"executed_lines": [1, 2, 3, 4, 6, 10, 23, 30, 34, 40, 52], "summary": {"covered_lines": 11, "num_statements": 59, "percent_covered": 18.64406779661017, "percent_covered_display": "19", "missing_lines": 48, "excluded_lines": 0}, "missing_lines": [7, 8, 11, 12, 13, 14, 16, 17, 18, 19, 20, 21, 25, 26, 27, 28, 31, 32, 35, 36, 38, 41, 42, 43, 44, 46, 47, 48, 49, 50, 53, 54, 56, 57, 58, 60, 63, 64, 66, 67, 68, 69, 72, 74, 75, 76, 77, 79], "excluded_lines": []}, "src/myparser/spreadsheets.py": {"executed_lines": [1], "summary": {"covered_lines": 1, "num_statements": 39, "percent_covered": 2.5641025641025643, "percent_covered_display": "3", "missing_lines": 38, "excluded_lines": 0}, "missing_lines": [4, 6, 8, 9, 10, 11, 12, 13, 14, 15, 16, 17, 18, 19, 22, 23, 25, 26, 27, 28, 30, 31, 32, 33, 35, 36, 37, 38, 40, 41, 42, 43, 44, 46, 47, 48, 49, 50], "excluded_lines": []}, "src/myparser/structures_files.py": {"executed_lines": [1, 3], "summary": {"covered_lines": 2, "num_statements": 73, "percent_covered": 2.73972602739726, "percent_covered_display": "3", "missing_lines": 71, "excluded_lines": 0}, "missing_lines": [4, 6, 10, 21, 32, 33, 34, 35, 37, 38, 39, 41, 42, 44, 46, 47, 48, 49, 52, 53, 54, 55, 58, 60, 62, 63, 65, 67, 69, 70, 73, 74, 75, 76, 79, 80, 81, 83, 87, 88, 90, 91, 92, 93, 95, 96, 97, 98, 100, 102, 103, 104, 107, 108, 109, 110, 113, 114, 115, 117, 118, 119, 120, 122, 124, 125, 126, 127, 129, 130, 132], "excluded_lines": []}, "src/myparser/text_processor.py": {"executed_lines": [1, 20, 24, 27], "summary": {"covered_lines": 4, "num_statements": 23, "percent_covered": 17.391304347826086, "percent_covered_display": "17", "missing_lines": 19, "excluded_lines": 0}, "missing_lines": [3, 5, 8, 11, 12, 14, 15, 17, 21, 25, 28, 29, 31, 33, 34, 35, 36, 38, 41], "excluded_lines": []}, "src/util/__init__.py": {"executed_lines": [1], "summary": {"covered_lines": 0, "num_statements": 0, "percent_covered": 100.0, "percent_covered_display": "100", "missing_lines": 0, "excluded_lines": 0}, "missing_lines": [], "excluded_lines": []}, "src/util/utilities.py": {"executed_lines": [1, 2, 3, 5], "summary": {"covered_lines": 4, "num_statements": 113, "percent_covered": 3.5398230088495577, "percent_covered_display": "4", "missing_lines": 109, "excluded_lines": 0}, "missing_lines": [8, 9, 10, 11, 13, 14, 15, 16, 18, 19, 23, 24, 25, 26, 28, 29, 30, 31, 32, 34, 35, 36, 38, 39, 40, 41, 42, 44, 46, 47, 48, 49, 50, 51, 53, 54, 55, 56, 58, 59, 62, 63, 65, 67, 68, 70, 71, 72, 74, 75, 77, 78, 79, 80, 82, 83, 85, 88, 89, 91, 93, 94, 95, 96, 98, 100, 101, 103, 105, 107, 109, 112, 113, 115, 117, 118, 121, 122, 125, 126, 129, 130, 131, 133, 135, 136, 139, 142, 143, 144, 145, 146, 149, 150, 152, 154, 155, 156, 157, 160, 161, 162, 163, 165, 166, 167, 169, 170, 172], "excluded_lines": []}}, "totals": {"covered_lines": 43, "num_statements": 867, "percent_covered": 4.959630911188005, "percent_covered_display": "5", "missing_lines": 824, "excluded_lines": 0}}